23:56:09:329  NOTIFY Method: Post | Response: 200 |URL: https://tubular.azurewebsites.net/api/orders/paged
23:56:09:517  NOTIFY Method: Post | Response: 200 |URL: https://tubular.azurewebsites.net/api/orders/paged
23:56:09:654  NOTIFY Method: Get | Response: 200 |URL: https://www.healthcare.gov/api/articles.json
23:56:09:779  NOTIFY Method: Get | Response: 200 |URL: https://www.healthcare.gov/api/blog.json
23:56:10:244  NOTIFY Method: Get | Response: 404 |URL: https://any-api.com:8443/https://www.healthcare.gov/blog/blogname.json
23:56:10:245  ERROR  An error occurred, status code response: 404 | file path: ..\..\..\Requests\HealthCareGov\Gets | FileName: BlogPageName
23:56:11:025  NOTIFY Method: Get | Response: 404 |URL: https://any-api.com:8443/https://www.healthcare.gov/es/blog/pageName.json
23:56:11:026  ERROR  An error occurred, status code response: 404 | file path: ..\..\..\Requests\HealthCareGov\Gets | FileName: EsBlogPageName
23:56:11:275  NOTIFY Method: Get | Response: 200 |URL: https://www.healthcare.gov/api/glossary.json
23:56:12:104  NOTIFY Method: Get | Response: 404 |URL: https://www.healthcare.gov/api/questions.json
23:56:12:105  ERROR  An error occurred, status code response: 404 | file path: ..\..\..\Requests\HealthCareGov\Gets | FileName: Questions
23:56:12:267  NOTIFY Method: Get | Response: 200 |URL: https://www.healthcare.gov/api/states.json
23:56:12:430  NOTIFY Method: Get | Response: 200 |URL: https://www.healthcare.gov/api/topics.json
23:56:12:854  NOTIFY Method: Get | Response: 200 |URL: https://api.nasa.gov/planetary/apod
23:56:16:468  NOTIFY Method: Get | Response: 200 |URL: https://api.nasa.gov/neo/rest/v1/feed
23:56:17:235  NOTIFY Method: Get | Response: 200 |URL: https://api.nasa.gov/DONKI/notifications
23:56:18:161  NOTIFY Method: Get | Response: 200 |URL: https://api.nasa.gov/planetary/earth/assets
23:56:19:495  NOTIFY Method: Get | Response: 200 |URL: https://api.nasa.gov/EPIC/api/natural/images
23:56:19:968  NOTIFY Method: Get | Response: 200 |URL: https://genelab-data.ndc.nasa.gov/genelab/data/glds/files/87
23:56:20:743  NOTIFY Method: Get | Response: 200 |URL: https://api.nasa.gov/techtransfer/patent/
